app/build/intermediates/manifest_merge_blame_file/debug/processDebugMainManifest/manifest-merger-blame-debug-report.txt
1<?xml version="1.0" encoding="utf-8"?>
2<manifest xmlns:android="http://schemas.android.com/apk/res/android"
3    package="com.example.pekseries"
4    android:versionCode="1"
5    android:versionName="1.0" >
6
7    <uses-sdk
7-->INJECTED
8        android:minSdkVersion="26"
8-->INJECTED
9        android:targetSdkVersion="36" />
9-->INJECTED
10
11    <uses-permission android:name="android.permission.INTERNET" />
11-->src\main\AndroidManifest.xml:5:5-67
11-->src\main\AndroidManifest.xml:5:22-64
12    <uses-permission android:name="android.permission.ACCESS_NETWORK_STATE" />
12-->src\main\AndroidManifest.xml:6:5-79
12-->src\main\AndroidManifest.xml:6:22-76
13    <uses-permission android:name="android.permission.POST_NOTIFICATIONS" />
13-->src\main\AndroidManifest.xml:7:5-77
13-->src\main\AndroidManifest.xml:7:22-74
14    <uses-permission android:name="android.permission.RECEIVE_BOOT_COMPLETED" />
14-->src\main\AndroidManifest.xml:8:5-81
14-->src\main\AndroidManifest.xml:8:22-78
15    <uses-permission android:name="com.google.android.providers.gsf.permission.READ_GSERVICES" />
15-->[com.google.android.recaptcha:recaptcha:18.6.1] AndroidManifest.xml:9:5-98
15-->[com.google.android.recaptcha:recaptcha:18.6.1] AndroidManifest.xml:9:22-95
16    <uses-permission android:name="android.permission.WAKE_LOCK" />
16-->[com.google.android.gms:play-services-measurement-api:23.0.0] AndroidManifest.xml:24:5-68
16-->[com.google.android.gms:play-services-measurement-api:23.0.0] AndroidManifest.xml:24:22-65
17    <uses-permission android:name="com.google.android.gms.permission.AD_ID" />
17-->[com.google.android.gms:play-services-measurement-api:23.0.0] AndroidManifest.xml:25:5-79
17-->[com.google.android.gms:play-services-measurement-api:23.0.0] AndroidManifest.xml:25:22-76
18    <uses-permission android:name="android.permission.ACCESS_ADSERVICES_ATTRIBUTION" />
18-->[com.google.android.gms:play-services-measurement-api:23.0.0] AndroidManifest.xml:26:5-88
18-->[com.google.android.gms:play-services-measurement-api:23.0.0] AndroidManifest.xml:26:22-85
19    <uses-permission android:name="android.permission.ACCESS_ADSERVICES_AD_ID" />
19-->[com.google.android.gms:play-services-measurement-api:23.0.0] AndroidManifest.xml:27:5-82
19-->[com.google.android.gms:play-services-measurement-api:23.0.0] AndroidManifest.xml:27:22-79
20    <uses-permission android:name="android.permission.FOREGROUND_SERVICE" />
20-->[androidx.work:work-runtime:2.9.0] AndroidManifest.xml:26:5-77
20-->[androidx.work:work-runtime:2.9.0] AndroidManifest.xml:26:22-74
21    <uses-permission android:name="com.google.android.finsky.permission.BIND_GET_INSTALL_REFERRER_SERVICE" />
21-->[com.google.android.gms:play-services-measurement:23.0.0] AndroidManifest.xml:26:5-110
21-->[com.google.android.gms:play-services-measurement:23.0.0] AndroidManifest.xml:26:22-107
22
23    <permission
23-->[androidx.core:core:1.15.0] AndroidManifest.xml:22:5-24:47
24        android:name="com.example.pekseries.DYNAMIC_RECEIVER_NOT_EXPORTED_PERMISSION"
24-->[androidx.core:core:1.15.0] AndroidManifest.xml:23:9-81
25        android:protectionLevel="signature" />
25-->[androidx.core:core:1.15.0] AndroidManifest.xml:24:9-44
26
27    <uses-permission android:name="com.example.pekseries.DYNAMIC_RECEIVER_NOT_EXPORTED_PERMISSION" />
27-->[androidx.core:core:1.15.0] AndroidManifest.xml:26:5-97
27-->[androidx.core:core:1.15.0] AndroidManifest.xml:26:22-94
28
29    <application
29-->src\main\AndroidManifest.xml:10:5-30:19
30        android:allowBackup="true"
30-->src\main\AndroidManifest.xml:11:9-35
31        android:appComponentFactory="androidx.core.app.CoreComponentFactory"
31-->[androidx.core:core:1.15.0] AndroidManifest.xml:28:18-86
32        android:dataExtractionRules="@xml/data_extraction_rules"
32-->src\main\AndroidManifest.xml:12:9-65
33        android:debuggable="true"
34        android:extractNativeLibs="false"
34-->INJECTED
35        android:fullBackupContent="@xml/backup_rules"
35-->src\main\AndroidManifest.xml:13:9-54
36        android:icon="@mipmap/ic_launcher"
36-->src\main\AndroidManifest.xml:14:9-43
37        android:label="@string/app_name"
37-->src\main\AndroidManifest.xml:15:9-41
38        android:roundIcon="@mipmap/ic_launcher_round"
38-->src\main\AndroidManifest.xml:16:9-54
39        android:supportsRtl="true"
39-->src\main\AndroidManifest.xml:17:9-35
40        android:testOnly="true"
41        android:theme="@style/Theme.PekSeries" >
41-->src\main\AndroidManifest.xml:18:9-47
42        <activity
42-->src\main\AndroidManifest.xml:19:9-29:20
43            android:name="com.example.pekseries.MainActivity"
43-->src\main\AndroidManifest.xml:20:13-41
44            android:exported="true"
44-->src\main\AndroidManifest.xml:21:13-36
45            android:label="@string/app_name"
45-->src\main\AndroidManifest.xml:22:13-45
46            android:theme="@style/Theme.PekSeries" >
46-->src\main\AndroidManifest.xml:23:13-51
47            <intent-filter>
47-->src\main\AndroidManifest.xml:24:13-28:29
48                <action android:name="android.intent.action.MAIN" />
48-->src\main\AndroidManifest.xml:25:17-69
48-->src\main\AndroidManifest.xml:25:25-66
49
50                <category android:name="android.intent.category.LAUNCHER" />
50-->src\main\AndroidManifest.xml:27:17-77
50-->src\main\AndroidManifest.xml:27:27-74
51            </intent-filter>
52        </activity>
53        <activity
53-->[com.google.firebase:firebase-auth:24.0.1] AndroidManifest.xml:29:9-46:20
54            android:name="com.google.firebase.auth.internal.GenericIdpActivity"
54-->[com.google.firebase:firebase-auth:24.0.1] AndroidManifest.xml:30:13-80
55            android:excludeFromRecents="true"
55-->[com.google.firebase:firebase-auth:24.0.1] AndroidManifest.xml:31:13-46
56            android:exported="true"
56-->[com.google.firebase:firebase-auth:24.0.1] AndroidManifest.xml:32:13-36
57            android:launchMode="singleTask"
57-->[com.google.firebase:firebase-auth:24.0.1] AndroidManifest.xml:33:13-44
58            android:theme="@android:style/Theme.Translucent.NoTitleBar" >
58-->[com.google.firebase:firebase-auth:24.0.1] AndroidManifest.xml:34:13-72
59            <intent-filter>
59-->[com.google.firebase:firebase-auth:24.0.1] AndroidManifest.xml:35:13-45:29
60                <action android:name="android.intent.action.VIEW" />
60-->[com.google.firebase:firebase-auth:24.0.1] AndroidManifest.xml:36:17-69
60-->[com.google.firebase:firebase-auth:24.0.1] AndroidManifest.xml:36:25-66
61
62                <category android:name="android.intent.category.DEFAULT" />
62-->[com.google.firebase:firebase-auth:24.0.1] AndroidManifest.xml:38:17-76
62-->[com.google.firebase:firebase-auth:24.0.1] AndroidManifest.xml:38:27-73
63                <category android:name="android.intent.category.BROWSABLE" />
63-->[com.google.firebase:firebase-auth:24.0.1] AndroidManifest.xml:39:17-78
63-->[com.google.firebase:firebase-auth:24.0.1] AndroidManifest.xml:39:27-75
64
65                <data
65-->[com.google.firebase:firebase-auth:24.0.1] AndroidManifest.xml:41:17-44:51
66                    android:host="firebase.auth"
66-->[com.google.firebase:firebase-auth:24.0.1] AndroidManifest.xml:42:21-49
67                    android:path="/"
67-->[com.google.firebase:firebase-auth:24.0.1] AndroidManifest.xml:43:21-37
68                    android:scheme="genericidp" />
68-->[com.google.firebase:firebase-auth:24.0.1] AndroidManifest.xml:44:21-48
69            </intent-filter>
70        </activity>
71        <activity
71-->[com.google.firebase:firebase-auth:24.0.1] AndroidManifest.xml:47:9-64:20
72            android:name="com.google.firebase.auth.internal.RecaptchaActivity"
72-->[com.google.firebase:firebase-auth:24.0.1] AndroidManifest.xml:48:13-79
73            android:excludeFromRecents="true"
73-->[com.google.firebase:firebase-auth:24.0.1] AndroidManifest.xml:49:13-46
74            android:exported="true"
74-->[com.google.firebase:firebase-auth:24.0.1] AndroidManifest.xml:50:13-36
75            android:launchMode="singleTask"
75-->[com.google.firebase:firebase-auth:24.0.1] AndroidManifest.xml:51:13-44
76            android:theme="@android:style/Theme.Translucent.NoTitleBar" >
76-->[com.google.firebase:firebase-auth:24.0.1] AndroidManifest.xml:52:13-72
77            <intent-filter>
77-->[com.google.firebase:firebase-auth:24.0.1] AndroidManifest.xml:53:13-63:29
78                <action android:name="android.intent.action.VIEW" />
78-->[com.google.firebase:firebase-auth:24.0.1] AndroidManifest.xml:36:17-69
78-->[com.google.firebase:firebase-auth:24.0.1] AndroidManifest.xml:36:25-66
79
80                <category android:name="android.intent.category.DEFAULT" />
80-->[com.google.firebase:firebase-auth:24.0.1] AndroidManifest.xml:38:17-76
80-->[com.google.firebase:firebase-auth:24.0.1] AndroidManifest.xml:38:27-73
81                <category android:name="android.intent.category.BROWSABLE" />
81-->[com.google.firebase:firebase-auth:24.0.1] AndroidManifest.xml:39:17-78
81-->[com.google.firebase:firebase-auth:24.0.1] AndroidManifest.xml:39:27-75
82
83                <data
83-->[com.google.firebase:firebase-auth:24.0.1] AndroidManifest.xml:41:17-44:51
84                    android:host="firebase.auth"
84-->[com.google.firebase:firebase-auth:24.0.1] AndroidManifest.xml:42:21-49
85                    android:path="/"
85-->[com.google.firebase:firebase-auth:24.0.1] AndroidManifest.xml:43:21-37
86                    android:scheme="recaptcha" />
86-->[com.google.firebase:firebase-auth:24.0.1] AndroidManifest.xml:44:21-48
87            </intent-filter>
88        </activity>
89
90        <service
90-->[com.google.firebase:firebase-auth:24.0.1] AndroidManifest.xml:66:9-72:19
91            android:name="com.google.firebase.components.ComponentDiscoveryService"
91-->[com.google.firebase:firebase-auth:24.0.1] AndroidManifest.xml:67:13-84
92            android:directBootAware="true"
92-->[com.google.firebase:firebase-common:22.0.1] AndroidManifest.xml:32:13-43
93            android:exported="false" >
93-->[com.google.firebase:firebase-auth:24.0.1] AndroidManifest.xml:68:13-37
94            <meta-data
94-->[com.google.firebase:firebase-auth:24.0.1] AndroidManifest.xml:69:13-71:85
95                android:name="com.google.firebase.components:com.google.firebase.auth.FirebaseAuthRegistrar"
95-->[com.google.firebase:firebase-auth:24.0.1] AndroidManifest.xml:70:17-109
96                android:value="com.google.firebase.components.ComponentRegistrar" />
96-->[com.google.firebase:firebase-auth:24.0.1] AndroidManifest.xml:71:17-82
97            <meta-data
97-->[com.google.firebase:firebase-firestore:26.1.1] AndroidManifest.xml:17:13-19:85
98                android:name="com.google.firebase.components:com.google.firebase.firestore.FirebaseFirestoreKtxRegistrar"
98-->[com.google.firebase:firebase-firestore:26.1.1] AndroidManifest.xml:18:17-122
99                android:value="com.google.firebase.components.ComponentRegistrar" />
99-->[com.google.firebase:firebase-firestore:26.1.1] AndroidManifest.xml:19:17-82
100            <meta-data
100-->[com.google.firebase:firebase-firestore:26.1.1] AndroidManifest.xml:20:13-22:85
101                android:name="com.google.firebase.components:com.google.firebase.firestore.FirestoreRegistrar"
101-->[com.google.firebase:firebase-firestore:26.1.1] AndroidManifest.xml:21:17-111
102                android:value="com.google.firebase.components.ComponentRegistrar" />
102-->[com.google.firebase:firebase-firestore:26.1.1] AndroidManifest.xml:22:17-82
103            <meta-data
103-->[com.google.android.gms:play-services-measurement-api:23.0.0] AndroidManifest.xml:33:13-35:85
104                android:name="com.google.firebase.components:com.google.firebase.analytics.connector.internal.AnalyticsConnectorRegistrar"
104-->[com.google.android.gms:play-services-measurement-api:23.0.0] AndroidManifest.xml:34:17-139
105                android:value="com.google.firebase.components.ComponentRegistrar" />
105-->[com.google.android.gms:play-services-measurement-api:23.0.0] AndroidManifest.xml:35:17-82
106            <meta-data
106-->[com.google.firebase:firebase-installations:19.1.0] AndroidManifest.xml:15:13-17:85
107                android:name="com.google.firebase.components:com.google.firebase.installations.FirebaseInstallationsKtxRegistrar"
107-->[com.google.firebase:firebase-installations:19.1.0] AndroidManifest.xml:16:17-130
108                android:value="com.google.firebase.components.ComponentRegistrar" />
108-->[com.google.firebase:firebase-installations:19.1.0] AndroidManifest.xml:17:17-82
109            <meta-data
109-->[com.google.firebase:firebase-installations:19.1.0] AndroidManifest.xml:18:13-20:85
110                android:name="com.google.firebase.components:com.google.firebase.installations.FirebaseInstallationsRegistrar"
110-->[com.google.firebase:firebase-installations:19.1.0] AndroidManifest.xml:19:17-127
111                android:value="com.google.firebase.components.ComponentRegistrar" />
111-->[com.google.firebase:firebase-installations:19.1.0] AndroidManifest.xml:20:17-82
112            <meta-data
112-->[com.google.firebase:firebase-common:22.0.1] AndroidManifest.xml:35:13-37:85
113                android:name="com.google.firebase.components:com.google.firebase.FirebaseCommonKtxRegistrar"
113-->[com.google.firebase:firebase-common:22.0.1] AndroidManifest.xml:36:17-109
114                android:value="com.google.firebase.components.ComponentRegistrar" />
114-->[com.google.firebase:firebase-common:22.0.1] AndroidManifest.xml:37:17-82
115        </service>
116        <service
116-->[androidx.credentials:credentials-play-services-auth:1.2.0-rc01] AndroidManifest.xml:24:9-32:19
117            android:name="androidx.credentials.playservices.CredentialProviderMetadataHolder"
117-->[androidx.credentials:credentials-play-services-auth:1.2.0-rc01] AndroidManifest.xml:25:13-94
118            android:enabled="true"
118-->[androidx.credentials:credentials-play-services-auth:1.2.0-rc01] AndroidManifest.xml:26:13-35
119            android:exported="false" >
119-->[androidx.credentials:credentials-play-services-auth:1.2.0-rc01] AndroidManifest.xml:27:13-37
120            <meta-data
120-->[androidx.credentials:credentials-play-services-auth:1.2.0-rc01] AndroidManifest.xml:29:13-31:104
121                android:name="androidx.credentials.CREDENTIAL_PROVIDER_KEY"
121-->[androidx.credentials:credentials-play-services-auth:1.2.0-rc01] AndroidManifest.xml:30:17-76
122                android:value="androidx.credentials.playservices.CredentialProviderPlayServicesImpl" />
122-->[androidx.credentials:credentials-play-services-auth:1.2.0-rc01] AndroidManifest.xml:31:17-101
123        </service>
124
125        <activity
125-->[androidx.credentials:credentials-play-services-auth:1.2.0-rc01] AndroidManifest.xml:34:9-41:20
126            android:name="androidx.credentials.playservices.HiddenActivity"
126-->[androidx.credentials:credentials-play-services-auth:1.2.0-rc01] AndroidManifest.xml:35:13-76
127            android:configChanges="orientation|screenSize|screenLayout|keyboardHidden"
127-->[androidx.credentials:credentials-play-services-auth:1.2.0-rc01] AndroidManifest.xml:36:13-87
128            android:enabled="true"
128-->[androidx.credentials:credentials-play-services-auth:1.2.0-rc01] AndroidManifest.xml:37:13-35
129            android:exported="false"
129-->[androidx.credentials:credentials-play-services-auth:1.2.0-rc01] AndroidManifest.xml:38:13-37
130            android:fitsSystemWindows="true"
130-->[androidx.credentials:credentials-play-services-auth:1.2.0-rc01] AndroidManifest.xml:39:13-45
131            android:theme="@style/Theme.Hidden" >
131-->[androidx.credentials:credentials-play-services-auth:1.2.0-rc01] AndroidManifest.xml:40:13-48
132        </activity>
133        <activity
133-->[com.google.android.gms:play-services-auth:21.5.1] AndroidManifest.xml:23:9-27:75
134            android:name="com.google.android.gms.auth.api.signin.internal.SignInHubActivity"
134-->[com.google.android.gms:play-services-auth:21.5.1] AndroidManifest.xml:24:13-93
135            android:excludeFromRecents="true"
135-->[com.google.android.gms:play-services-auth:21.5.1] AndroidManifest.xml:25:13-46
136            android:exported="false"
136-->[com.google.android.gms:play-services-auth:21.5.1] AndroidManifest.xml:26:13-37
137            android:theme="@android:style/Theme.Translucent.NoTitleBar" />
137-->[com.google.android.gms:play-services-auth:21.5.1] AndroidManifest.xml:27:13-72
138        <!--
139            Service handling Google Sign-In user revocation. For apps that do not integrate with
140            Google Sign-In, this service will never be started.
141        -->
142        <service
142-->[com.google.android.gms:play-services-auth:21.5.1] AndroidManifest.xml:33:9-37:51
143            android:name="com.google.android.gms.auth.api.signin.RevocationBoundService"
143-->[com.google.android.gms:play-services-auth:21.5.1] AndroidManifest.xml:34:13-89
144            android:exported="true"
144-->[com.google.android.gms:play-services-auth:21.5.1] AndroidManifest.xml:35:13-36
145            android:permission="com.google.android.gms.auth.api.signin.permission.REVOCATION_NOTIFICATION"
145-->[com.google.android.gms:play-services-auth:21.5.1] AndroidManifest.xml:36:13-107
146            android:visibleToInstantApps="true" />
146-->[com.google.android.gms:play-services-auth:21.5.1] AndroidManifest.xml:37:13-48
147
148        <provider
148-->[com.google.firebase:firebase-common:22.0.1] AndroidManifest.xml:23:9-28:39
149            android:name="com.google.firebase.provider.FirebaseInitProvider"
149-->[com.google.firebase:firebase-common:22.0.1] AndroidManifest.xml:24:13-77
150            android:authorities="com.example.pekseries.firebaseinitprovider"
150-->[com.google.firebase:firebase-common:22.0.1] AndroidManifest.xml:25:13-72
151            android:directBootAware="true"
151-->[com.google.firebase:firebase-common:22.0.1] AndroidManifest.xml:26:13-43
152            android:exported="false"
152-->[com.google.firebase:firebase-common:22.0.1] AndroidManifest.xml:27:13-37
153            android:initOrder="100" />
153-->[com.google.firebase:firebase-common:22.0.1] AndroidManifest.xml:28:13-36
154        <provider
154-->[androidx.work:work-runtime:2.9.0] AndroidManifest.xml:29:9-37:20
155            android:name="androidx.startup.InitializationProvider"
155-->[androidx.work:work-runtime:2.9.0] AndroidManifest.xml:30:13-67
156            android:authorities="com.example.pekseries.androidx-startup"
156-->[androidx.work:work-runtime:2.9.0] AndroidManifest.xml:31:13-68
157            android:exported="false" >
157-->[androidx.work:work-runtime:2.9.0] AndroidManifest.xml:32:13-37
158            <meta-data
158-->[androidx.work:work-runtime:2.9.0] AndroidManifest.xml:34:13-36:52
159                android:name="androidx.work.WorkManagerInitializer"
159-->[androidx.work:work-runtime:2.9.0] AndroidManifest.xml:35:17-68
160                android:value="androidx.startup" />
160-->[androidx.work:work-runtime:2.9.0] AndroidManifest.xml:36:17-49
161            <meta-data
161-->[androidx.emoji2:emoji2:1.4.0] AndroidManifest.xml:29:13-31:52
162                android:name="androidx.emoji2.text.EmojiCompatInitializer"
162-->[androidx.emoji2:emoji2:1.4.0] AndroidManifest.xml:30:17-75
163                android:value="androidx.startup" />
163-->[androidx.emoji2:emoji2:1.4.0] AndroidManifest.xml:31:17-49
164            <meta-data
164-->[androidx.lifecycle:lifecycle-process:2.10.0] AndroidManifest.xml:29:13-31:52
165                android:name="androidx.lifecycle.ProcessLifecycleInitializer"
165-->[androidx.lifecycle:lifecycle-process:2.10.0] AndroidManifest.xml:30:17-78
166                android:value="androidx.startup" />
166-->[androidx.lifecycle:lifecycle-process:2.10.0] AndroidManifest.xml:31:17-49
167            <meta-data
167-->[androidx.profileinstaller:profileinstaller:1.4.0] AndroidManifest.xml:29:13-31:52
168                android:name="androidx.profileinstaller.ProfileInstallerInitializer"
168-->[androidx.profileinstaller:profileinstaller:1.4.0] AndroidManifest.xml:30:17-85
169                android:value="androidx.startup" />
169-->[androidx.profileinstaller:profileinstaller:1.4.0] AndroidManifest.xml:31:17-49
170        </provider>
171
172        <service
172-->[androidx.work:work-runtime:2.9.0] AndroidManifest.xml:39:9-45:35
173            android:name="androidx.work.impl.background.systemalarm.SystemAlarmService"
173-->[androidx.work:work-runtime:2.9.0] AndroidManifest.xml:40:13-88
174            android:directBootAware="false"
174-->[androidx.work:work-runtime:2.9.0] AndroidManifest.xml:41:13-44
175            android:enabled="@bool/enable_system_alarm_service_default"
175-->[androidx.work:work-runtime:2.9.0] AndroidManifest.xml:42:13-72
176            android:exported="false" />
176-->[androidx.work:work-runtime:2.9.0] AndroidManifest.xml:43:13-37
177        <service
177-->[androidx.work:work-runtime:2.9.0] AndroidManifest.xml:46:9-52:35
178            android:name="androidx.work.impl.background.systemjob.SystemJobService"
178-->[androidx.work:work-runtime:2.9.0] AndroidManifest.xml:47:13-84
179            android:directBootAware="false"
179-->[androidx.work:work-runtime:2.9.0] AndroidManifest.xml:48:13-44
180            android:enabled="@bool/enable_system_job_service_default"
180-->[androidx.work:work-runtime:2.9.0] AndroidManifest.xml:49:13-70
181            android:exported="true"
181-->[androidx.work:work-runtime:2.9.0] AndroidManifest.xml:50:13-36
182            android:permission="android.permission.BIND_JOB_SERVICE" />
182-->[androidx.work:work-runtime:2.9.0] AndroidManifest.xml:51:13-69
183        <service
183-->[androidx.work:work-runtime:2.9.0] AndroidManifest.xml:53:9-59:35
184            android:name="androidx.work.impl.foreground.SystemForegroundService"
184-->[androidx.work:work-runtime:2.9.0] AndroidManifest.xml:54:13-81
185            android:directBootAware="false"
185-->[androidx.work:work-runtime:2.9.0] AndroidManifest.xml:55:13-44
186            android:enabled="@bool/enable_system_foreground_service_default"
186-->[androidx.work:work-runtime:2.9.0] AndroidManifest.xml:56:13-77
187            android:exported="false" />
187-->[androidx.work:work-runtime:2.9.0] AndroidManifest.xml:57:13-37
188
189        <receiver
189-->[androidx.work:work-runtime:2.9.0] AndroidManifest.xml:61:9-66:35
190            android:name="androidx.work.impl.utils.ForceStopRunnable$BroadcastReceiver"
190-->[androidx.work:work-runtime:2.9.0] AndroidManifest.xml:62:13-88
191            android:directBootAware="false"
191-->[androidx.work:work-runtime:2.9.0] AndroidManifest.xml:63:13-44
192            android:enabled="true"
192-->[androidx.work:work-runtime:2.9.0] AndroidManifest.xml:64:13-35
193            android:exported="false" />
193-->[androidx.work:work-runtime:2.9.0] AndroidManifest.xml:65:13-37
194        <receiver
194-->[androidx.work:work-runtime:2.9.0] AndroidManifest.xml:67:9-77:20
195            android:name="androidx.work.impl.background.systemalarm.ConstraintProxy$BatteryChargingProxy"
195-->[androidx.work:work-runtime:2.9.0] AndroidManifest.xml:68:13-106
196            android:directBootAware="false"
196-->[androidx.work:work-runtime:2.9.0] AndroidManifest.xml:69:13-44
197            android:enabled="false"
197-->[androidx.work:work-runtime:2.9.0] AndroidManifest.xml:70:13-36
198            android:exported="false" >
198-->[androidx.work:work-runtime:2.9.0] AndroidManifest.xml:71:13-37
199            <intent-filter>
199-->[androidx.work:work-runtime:2.9.0] AndroidManifest.xml:73:13-76:29
200                <action android:name="android.intent.action.ACTION_POWER_CONNECTED" />
200-->[androidx.work:work-runtime:2.9.0] AndroidManifest.xml:74:17-87
200-->[androidx.work:work-runtime:2.9.0] AndroidManifest.xml:74:25-84
201                <action android:name="android.intent.action.ACTION_POWER_DISCONNECTED" />
201-->[androidx.work:work-runtime:2.9.0] AndroidManifest.xml:75:17-90
201-->[androidx.work:work-runtime:2.9.0] AndroidManifest.xml:75:25-87
202            </intent-filter>
203        </receiver>
204        <receiver
204-->[androidx.work:work-runtime:2.9.0] AndroidManifest.xml:78:9-88:20
205            android:name="androidx.work.impl.background.systemalarm.ConstraintProxy$BatteryNotLowProxy"
205-->[androidx.work:work-runtime:2.9.0] AndroidManifest.xml:79:13-104
206            android:directBootAware="false"
206-->[androidx.work:work-runtime:2.9.0] AndroidManifest.xml:80:13-44
207            android:enabled="false"
207-->[androidx.work:work-runtime:2.9.0] AndroidManifest.xml:81:13-36
208            android:exported="false" >
208-->[androidx.work:work-runtime:2.9.0] AndroidManifest.xml:82:13-37
209            <intent-filter>
209-->[androidx.work:work-runtime:2.9.0] AndroidManifest.xml:84:13-87:29
210                <action android:name="android.intent.action.BATTERY_OKAY" />
210-->[androidx.work:work-runtime:2.9.0] AndroidManifest.xml:85:17-77
210-->[androidx.work:work-runtime:2.9.0] AndroidManifest.xml:85:25-74
211                <action android:name="android.intent.action.BATTERY_LOW" />
211-->[androidx.work:work-runtime:2.9.0] AndroidManifest.xml:86:17-76
211-->[androidx.work:work-runtime:2.9.0] AndroidManifest.xml:86:25-73
212            </intent-filter>
213        </receiver>
214        <receiver
214-->[androidx.work:work-runtime:2.9.0] AndroidManifest.xml:89:9-99:20
215            android:name="androidx.work.impl.background.systemalarm.ConstraintProxy$StorageNotLowProxy"
215-->[androidx.work:work-runtime:2.9.0] AndroidManifest.xml:90:13-104
216            android:directBootAware="false"
216-->[androidx.work:work-runtime:2.9.0] AndroidManifest.xml:91:13-44
217            android:enabled="false"
217-->[androidx.work:work-runtime:2.9.0] AndroidManifest.xml:92:13-36
218            android:exported="false" >
218-->[androidx.work:work-runtime:2.9.0] AndroidManifest.xml:93:13-37
219            <intent-filter>
219-->[androidx.work:work-runtime:2.9.0] AndroidManifest.xml:95:13-98:29
220                <action android:name="android.intent.action.DEVICE_STORAGE_LOW" />
220-->[androidx.work:work-runtime:2.9.0] AndroidManifest.xml:96:17-83
220-->[androidx.work:work-runtime:2.9.0] AndroidManifest.xml:96:25-80
221                <action android:name="android.intent.action.DEVICE_STORAGE_OK" />
221-->[androidx.work:work-runtime:2.9.0] AndroidManifest.xml:97:17-82
221-->[androidx.work:work-runtime:2.9.0] AndroidManifest.xml:97:25-79
222            </intent-filter>
223        </receiver>
224        <receiver
224-->[androidx.work:work-runtime:2.9.0] AndroidManifest.xml:100:9-109:20
225            android:name="androidx.work.impl.background.systemalarm.ConstraintProxy$NetworkStateProxy"
225-->[androidx.work:work-runtime:2.9.0] AndroidManifest.xml:101:13-103
226            android:directBootAware="false"
226-->[androidx.work:work-runtime:2.9.0] AndroidManifest.xml:102:13-44
227            android:enabled="false"
227-->[androidx.work:work-runtime:2.9.0] AndroidManifest.xml:103:13-36
228            android:exported="false" >
228-->[androidx.work:work-runtime:2.9.0] AndroidManifest.xml:104:13-37
229            <intent-filter>
229-->[androidx.work:work-runtime:2.9.0] AndroidManifest.xml:106:13-108:29
230                <action android:name="android.net.conn.CONNECTIVITY_CHANGE" />
230-->[androidx.work:work-runtime:2.9.0] AndroidManifest.xml:107:17-79
230-->[androidx.work:work-runtime:2.9.0] AndroidManifest.xml:107:25-76
231            </intent-filter>
232        </receiver>
233        <receiver
233-->[androidx.work:work-runtime:2.9.0] AndroidManifest.xml:110:9-121:20
234            android:name="androidx.work.impl.background.systemalarm.RescheduleReceiver"
234-->[androidx.work:work-runtime:2.9.0] AndroidManifest.xml:111:13-88
235            android:directBootAware="false"
235-->[androidx.work:work-runtime:2.9.0] AndroidManifest.xml:112:13-44
236            android:enabled="false"
236-->[androidx.work:work-runtime:2.9.0] AndroidManifest.xml:113:13-36
237            android:exported="false" >
237-->[androidx.work:work-runtime:2.9.0] AndroidManifest.xml:114:13-37
238            <intent-filter>
238-->[androidx.work:work-runtime:2.9.0] AndroidManifest.xml:116:13-120:29
239                <action android:name="android.intent.action.BOOT_COMPLETED" />
239-->[androidx.work:work-runtime:2.9.0] AndroidManifest.xml:117:17-79
239-->[androidx.work:work-runtime:2.9.0] AndroidManifest.xml:117:25-76
240                <action android:name="android.intent.action.TIME_SET" />
240-->[androidx.work:work-runtime:2.9.0] AndroidManifest.xml:118:17-73
240-->[androidx.work:work-runtime:2.9.0] AndroidManifest.xml:118:25-70
241                <action android:name="android.intent.action.TIMEZONE_CHANGED" />
241-->[androidx.work:work-runtime:2.9.0] AndroidManifest.xml:119:17-81
241-->[androidx.work:work-runtime:2.9.0] AndroidManifest.xml:119:25-78
242            </intent-filter>
243        </receiver>
244        <receiver
244-->[androidx.work:work-runtime:2.9.0] AndroidManifest.xml:122:9-131:20
245            android:name="androidx.work.impl.background.systemalarm.ConstraintProxyUpdateReceiver"
245-->[androidx.work:work-runtime:2.9.0] AndroidManifest.xml:123:13-99
246            android:directBootAware="false"
246-->[androidx.work:work-runtime:2.9.0] AndroidManifest.xml:124:13-44
247            android:enabled="@bool/enable_system_alarm_service_default"
247-->[androidx.work:work-runtime:2.9.0] AndroidManifest.xml:125:13-72
248            android:exported="false" >
248-->[androidx.work:work-runtime:2.9.0] AndroidManifest.xml:126:13-37
249            <intent-filter>
249-->[androidx.work:work-runtime:2.9.0] AndroidManifest.xml:128:13-130:29
250                <action android:name="androidx.work.impl.background.systemalarm.UpdateProxies" />
250-->[androidx.work:work-runtime:2.9.0] AndroidManifest.xml:129:17-98